<?xml version="1.0" encoding="UTF-8"?>
<!-- Generated by org.testng.reporters.JUnitReportReporter -->
<testsuite skipped="0" hostname="DESKTOP-RTA17HH" name="practicalOne.GenerateRandomNumbersTest2" tests="1" failures="0" timestamp="2021-02-02T11:36:47 CST" time="0.039" errors="0">
  <testcase name="randomNumbers" time="0.039" classname="practicalOne.GenerateRandomNumbersTest2"/>
  <system-out/>
</testsuite> <!-- practicalOne.GenerateRandomNumbersTest2 -->
