<?xml version="1.0" encoding="UTF-8"?>
<!-- Generated by org.testng.reporters.JUnitReportReporter -->
<testsuite skipped="0" hostname="DESKTOP-RTA17HH" name="practicalOne.GenerateRandomNumbersTest" tests="1" failures="0" timestamp="2021-01-27T08:50:06 CST" time="0.056" errors="0">
  <testcase name="randomNumbers" time="0.056" classname="practicalOne.GenerateRandomNumbersTest"/>
  <system-out/>
</testsuite> <!-- practicalOne.GenerateRandomNumbersTest -->
